Retrieving project…
Deploying rahimlou91-6841s-projects/cos
Uploading [--------------------] (0.0B/8.3MB)
Uploading [=====---------------] (2.1MB/8.3MB)
Uploading [==========----------] (4.1MB/8.3MB)
Uploading [===============-----] (6.2MB/8.3MB)
Uploading [====================] (8.3MB/8.3MB)
Inspect: https://vercel.com/rahimlou91-6841s-projects/cos/357UytW6qmkyoUD87Q1wwH39hz21 [4s]
Preview: https://cos-ppv0973px-rahimlou91-6841s-projects.vercel.app [4s]
Building...
Building...
Building: Running build in Washington, D.C., USA (East) – iad1
Building: Build machine configuration: 2 cores, 8 GB
Building: Retrieving list of deployment files...
Building: Downloading 106 deployment files...
Building: Restored build cache from previous deployment (F5VLN7NReC8xzQFZAXtMzD1zKxvS)
Building: Running "vercel build"
Building: Vercel CLI 50.37.1
Building: Installing dependencies...
Building: added 32 packages in 2s
Building: 244 packages are looking for funding
Building: run `npm fund` for details
Building: Detected Next.js version: 16.2.1
Building: Running "npm run build"
Building: > cos-training-portal@0.1.0 build
Building: > next build
Building: ▲ Next.js 16.2.1 (Turbopack)
Building: Creating an optimized production build ...
Building: ✓ Compiled successfully in 7.8s
Building: Running TypeScript ...
Building: Finished TypeScript in 5.7s ...
Building: Collecting page data using 1 worker ...
Building: Generating static pages using 1 worker (0/16) ...
Building: Generating static pages using 1 worker (4/16)
Building: Generating static pages using 1 worker (8/16)
Building: Generating static pages using 1 worker (12/16)
Building: ✓ Generating static pages using 1 worker (16/16) in 167ms
Building: Finalizing page optimization ...
Building: Running onBuildComplete from Vercel
Building: Route (app)
Building: ┌ ƒ /
Building: ├ ƒ /_not-found
Building: ├ ƒ /assessment/final
Building: ├ ƒ /dashboard
Building: ├ ƒ /login
Building: ├ ƒ /manager
Building: ├ ƒ /manager/analytics
Building: ├ ƒ /manager/content
Building: ├ ƒ /manager/team
Building: ├ ƒ /manager/users
Building: ├ ƒ /onboarding/sales-rep
Building: ├ ƒ /quizzes
Building: ├ ƒ /quizzes/[moduleId]
Building: ├ ƒ /results
Building: ├ ƒ /training
Building: ├ ƒ /training/[moduleId]
Building: └ ƒ /training/[moduleId]/lessons/[lessonId]
Building: ƒ Proxy (Middleware)
Building: ƒ  (Dynamic)  server-rendered on demand
Building: Build Completed in /vercel/output [18s]
Building: Deploying outputs...
Building: Deployment completed
Building: Creating build cache...
[2K[1A[2K[GPreview: https://cos-ppv0973px-rahimlou91-6841s-projects.vercel.app [38s]
Completing...
{
  "status": "ok",
  "deployment": {
    "id": "dpl_357UytW6qmkyoUD87Q1wwH39hz21",
    "url": "https://cos-ppv0973px-rahimlou91-6841s-projects.vercel.app",
    "inspectorUrl": "https://vercel.com/rahimlou91-6841s-projects/cos/357UytW6qmkyoUD87Q1wwH39hz21",
    "readyState": "READY",
    "target": null,
    "deploymentApiUrl": "https://api.vercel.com/v13/deployments/dpl_357UytW6qmkyoUD87Q1wwH39hz21"
  },
  "message": "Deployment cos-ppv0973px-rahimlou91-6841s-projects.vercel.app ready.",
  "next": [
    {
      "command": "vercel inspect cos-ppv0973px-rahimlou91-6841s-projects.vercel.app",
      "when": "Inspect deployment"
    },
    {
      "command": "vercel deploy --prod",
      "when": "Promote to production"
    }
  ]
}
